m:\transfer\out\mark_franklin\rdlpim\rdlpluginmanager\rdlpluginmanager\rdlpluginmanager\debug\vc141.pdb
m:\transfer\out\mark_franklin\rdlpim\rdlpluginmanager\rdlpluginmanager\rdlpluginmanager\debug\vc141.idb
m:\transfer\out\mark_franklin\rdlpim\rdlpluginmanager\rdlpluginmanager\rdlpluginmanager\debug\subscription.obj
m:\transfer\out\mark_franklin\rdlpim\rdlpluginmanager\rdlpluginmanager\rdlpluginmanager\debug\reqelement.obj
m:\transfer\out\mark_franklin\rdlpim\rdlpluginmanager\rdlpluginmanager\rdlpluginmanager\debug\rdlpim.obj
m:\transfer\out\mark_franklin\rdlpim\rdlpluginmanager\rdlpluginmanager\rdlpluginmanager\debug\job.obj
m:\transfer\out\mark_franklin\rdlpim\rdlpluginmanager\rdlpluginmanager\rdlpluginmanager\debug\database.obj
m:\transfer\out\mark_franklin\rdlpim\rdlpluginmanager\rdlpluginmanager\rdlpluginmanager\debug\customevent.obj
m:\transfer\out\mark_franklin\rdlpim\rdlpluginmanager\rdlpluginmanager\rdlpluginmanager\debug\buffer.obj
m:\transfer\out\mark_franklin\rdlpim\rdlpluginmanager\rdlpluginmanager\rdlpluginmanager\debug\socketconnection.obj
m:\transfer\out\mark_franklin\rdlpim\rdlpluginmanager\rdlpluginmanager\rdlpluginmanager\debug\requesthandler.obj
m:\transfer\out\mark_franklin\rdlpim\rdlpluginmanager\rdlpluginmanager\rdlpluginmanager\debug\dataelement.obj
m:\transfer\out\mark_franklin\rdlpim\rdlpluginmanager\rdlpluginmanager\rdlpluginmanager\debug\rdldata.obj
m:\transfer\out\mark_franklin\rdlpim\rdlpluginmanager\rdlpluginmanager\rdlpluginmanager\debug\rdl.obj
m:\transfer\out\mark_franklin\rdlpim\rdlpluginmanager\rdlpluginmanager\rdlpluginmanager\debug\portpool.obj
m:\transfer\out\mark_franklin\rdlpim\rdlpluginmanager\rdlpluginmanager\rdlpluginmanager\debug\connectionmanager.obj
m:\transfer\out\mark_franklin\rdlpim\rdlpluginmanager\rdlpluginmanager\rdlpluginmanager\debug\clientmanager.obj
m:\transfer\out\mark_franklin\rdlpim\rdlpluginmanager\rdlpluginmanager\rdlpluginmanager\debug\client.obj
m:\transfer\out\mark_franklin\rdlpim\rdlpluginmanager\rdlpluginmanager\rdlpluginmanager\debug\rdlpluginmanager.tlog\cl.command.1.tlog
m:\transfer\out\mark_franklin\rdlpim\rdlpluginmanager\rdlpluginmanager\rdlpluginmanager\debug\rdlpluginmanager.tlog\cl.read.1.tlog
m:\transfer\out\mark_franklin\rdlpim\rdlpluginmanager\rdlpluginmanager\rdlpluginmanager\debug\rdlpluginmanager.tlog\cl.write.1.tlog
m:\transfer\out\mark_franklin\rdlpim\rdlpluginmanager\rdlpluginmanager\rdlpluginmanager\debug\rdlpluginmanager.tlog\link.command.1.tlog
m:\transfer\out\mark_franklin\rdlpim\rdlpluginmanager\rdlpluginmanager\rdlpluginmanager\debug\rdlpluginmanager.tlog\link.read.1.tlog
m:\transfer\out\mark_franklin\rdlpim\rdlpluginmanager\rdlpluginmanager\rdlpluginmanager\debug\rdlpluginmanager.tlog\link.write.1.tlog
