  buffer.cpp
  customEvent.cpp
  dataBase.cpp
  job.cpp
  RDLPIM.cpp
  reqElement.cpp
  subscription.cpp
  Generating Code...
  client.cpp
  clientManager.cpp
  connectionManager.cpp
  portPool.cpp
  RDL.cpp
m:\transfer\out\mark_franklin\rdlpim\rdlpluginmanager\rdlpluginmanager\rdlpluginmanager\rdl.cpp(105): warning C4477: 'printf' : format string '%p' requires an argument of type 'void *', but variadic argument 1 has type 'INT_PTR'
m:\transfer\out\mark_franklin\rdlpim\rdlpluginmanager\rdlpluginmanager\rdlpluginmanager\rdl.cpp(131): warning C4477: 'printf' : format string '%p' requires an argument of type 'void *', but variadic argument 1 has type 'INT_PTR'
m:\transfer\out\mark_franklin\rdlpim\rdlpluginmanager\rdlpluginmanager\rdlpluginmanager\rdl.cpp(156): warning C4477: 'printf' : format string '%p' requires an argument of type 'void *', but variadic argument 1 has type 'INT_PTR'
m:\transfer\out\mark_franklin\rdlpim\rdlpluginmanager\rdlpluginmanager\rdlpluginmanager\rdl.cpp(227): warning C4309: '=': truncation of constant value
  rdlData.cpp
m:\transfer\out\mark_franklin\rdlpim\rdlpluginmanager\rdlpluginmanager\rdlpluginmanager\rdldata.cpp(132): warning C4477: 'printf' : format string '%p' requires an argument of type 'void *', but variadic argument 1 has type 'INT_PTR'
  dataElement.cpp
  requestHandler.cpp
  socketConnection.cpp
m:\transfer\out\mark_franklin\rdlpim\rdlpluginmanager\rdlpluginmanager\rdlpluginmanager\socketconnection.cpp(257): warning C4101: 'sBytes': unreferenced local variable
m:\transfer\out\mark_franklin\rdlpim\rdlpluginmanager\rdlpluginmanager\rdlpluginmanager\socketconnection.cpp(258): warning C4101: 'rBytes': unreferenced local variable
m:\transfer\out\mark_franklin\rdlpim\rdlpluginmanager\rdlpluginmanager\rdlpluginmanager\socketconnection.cpp(306): warning C4553: '==': result of expression not used; did you intend '='?
  Generating Code...
  rdlPlugInManager.vcxproj -> M:\Transfer\Out\Mark_Franklin\RDLPIM\RDLPluginManager\rdlPlugInManager\Debug\rdlPlugInManager.exe
