m:\vrdl\vr_project\guy\rdlpim\rdlpluginmanager\rdlpluginmanager\rdlpluginmanager\release\vc141.pdb
m:\vrdl\vr_project\guy\rdlpim\rdlpluginmanager\rdlpluginmanager\rdlpluginmanager\release\socketconnection.obj
m:\vrdl\vr_project\guy\rdlpim\rdlpluginmanager\rdlpluginmanager\rdlpluginmanager\release\requesthandler.obj
m:\vrdl\vr_project\guy\rdlpim\rdlpluginmanager\rdlpluginmanager\rdlpluginmanager\release\dataelement.obj
m:\vrdl\vr_project\guy\rdlpim\rdlpluginmanager\rdlpluginmanager\rdlpluginmanager\release\rdlpim.obj
m:\vrdl\vr_project\guy\rdlpim\rdlpluginmanager\rdlpluginmanager\rdlpluginmanager\release\rdldata.obj
m:\vrdl\vr_project\guy\rdlpim\rdlpluginmanager\rdlpluginmanager\rdlpluginmanager\release\rdl.obj
m:\vrdl\vr_project\guy\rdlpim\rdlpluginmanager\rdlpluginmanager\rdlpluginmanager\release\portpool.obj
m:\vrdl\vr_project\guy\rdlpim\rdlpluginmanager\rdlpluginmanager\rdlpluginmanager\release\connectionmanager.obj
m:\vrdl\vr_project\guy\rdlpim\rdlpluginmanager\rdlpluginmanager\rdlpluginmanager\release\clientmanager.obj
m:\vrdl\vr_project\guy\rdlpim\rdlpluginmanager\rdlpluginmanager\rdlpluginmanager\release\client.obj
m:\vrdl\vr_project\guy\rdlpim\rdlpluginmanager\rdlpluginmanager\rdlpluginmanager\release\buffer.obj
m:\vrdl\vr_project\guy\rdlpim\rdlpluginmanager\rdlpluginmanager\release\rdlpluginmanager.exe
m:\vrdl\vr_project\guy\rdlpim\rdlpluginmanager\rdlpluginmanager\release\rdlpluginmanager.pdb
m:\vrdl\vr_project\guy\rdlpim\rdlpluginmanager\rdlpluginmanager\release\rdlpluginmanager.ipdb
m:\vrdl\vr_project\guy\rdlpim\rdlpluginmanager\rdlpluginmanager\release\rdlpluginmanager.iobj
m:\vrdl\vr_project\guy\rdlpim\rdlpluginmanager\rdlpluginmanager\rdlpluginmanager\release\rdlpluginmanager.tlog\cl.command.1.tlog
m:\vrdl\vr_project\guy\rdlpim\rdlpluginmanager\rdlpluginmanager\rdlpluginmanager\release\rdlpluginmanager.tlog\cl.read.1.tlog
m:\vrdl\vr_project\guy\rdlpim\rdlpluginmanager\rdlpluginmanager\rdlpluginmanager\release\rdlpluginmanager.tlog\cl.write.1.tlog
m:\vrdl\vr_project\guy\rdlpim\rdlpluginmanager\rdlpluginmanager\rdlpluginmanager\release\rdlpluginmanager.tlog\link.command.1.tlog
m:\vrdl\vr_project\guy\rdlpim\rdlpluginmanager\rdlpluginmanager\rdlpluginmanager\release\rdlpluginmanager.tlog\link.read.1.tlog
m:\vrdl\vr_project\guy\rdlpim\rdlpluginmanager\rdlpluginmanager\rdlpluginmanager\release\rdlpluginmanager.tlog\link.write.1.tlog
m:\vrdl\vr_project\guy\rdlpim\rdlpluginmanager\rdlpluginmanager\rdlpluginmanager\release\rdlpluginmanager.tlog\rdlpluginmanager.write.1u.tlog
